<?xml version="1.0" encoding="UTF-8"?>
<!-- Generated by org.testng.reporters.JUnitReportReporter -->
<testsuite skipped="0" hostname="Shruti" name="script.Facebook_tc2" tests="1" failures="0" timestamp="25 Jun 2018 08:00:53 GMT" time="161.029" errors="0">
  <testcase name="test" time="161.029" classname="script.Facebook_tc2"/>
</testsuite> <!-- script.Facebook_tc2 -->
