<?xml version="1.0" encoding="UTF-8"?>
<!-- Generated by org.testng.reporters.JUnitReportReporter -->
<testsuite skipped="0" hostname="Shruti" name="script.Facebbok_endtoend_1" tests="1" failures="0" timestamp="25 Jun 2018 08:00:53 GMT" time="62.235" errors="0">
  <testcase name="test" time="62.235" classname="script.Facebbok_endtoend_1"/>
</testsuite> <!-- script.Facebbok_endtoend_1 -->
