<?xml version="1.0" encoding="UTF-8"?>
<!-- Generated by org.testng.reporters.JUnitReportReporter -->
<testsuite skipped="0" hostname="Shruti" name="script.Facebook_tc9" tests="1" failures="0" timestamp="25 Jun 2018 08:00:53 GMT" time="38.407" errors="0">
  <testcase name="action" time="38.407" classname="script.Facebook_tc9"/>
</testsuite> <!-- script.Facebook_tc9 -->
